  Mirror.cpp
d:\vs17opencv\distorting-mirror-main\mirror\mirror.cpp : warning C4819: 该文件包含不能在当前代码页(936)中表示的字符。请将该文件保存为 Unicode 格式以防止数据丢失
d:\vs17opencv\distorting-mirror-main\mirror\mirror.cpp(37): warning C4244: “初始化”: 从“_Tp”转换到“int”，可能丢失数据
          with
          [
              _Tp=double
          ]
d:\vs17opencv\distorting-mirror-main\mirror\mirror.cpp(38): warning C4244: “初始化”: 从“_Tp”转换到“int”，可能丢失数据
          with
          [
              _Tp=double
          ]
d:\vs17opencv\distorting-mirror-main\mirror\mirror.cpp(87): warning C4244: “=”: 从“double”转换到“int”，可能丢失数据
d:\vs17opencv\distorting-mirror-main\mirror\mirror.cpp(89): warning C4244: “初始化”: 从“double”转换到“int”，可能丢失数据
d:\vs17opencv\distorting-mirror-main\mirror\mirror.cpp(122): warning C4244: “初始化”: 从“double”转换到“int”，可能丢失数据
  正在生成代码
  193 of 199 functions (97.0%) were compiled, the rest were copied from previous compilation.
    4 functions were new in current compilation
    0 functions had inline decision re-evaluated but remain unchanged
  已完成代码的生成
  Mirror.vcxproj -> D:\vs17opencv\Distorting-Mirror-Main\x64\Release\Mirror.exe
